permute time 0.00019979476928710938
crop time 0.10715317726135254
normalize time 0.026459217071533203
data.shape: torch.Size([1, 299, 512, 512])
Reshaped data from [299 512 512] to [120 503 503]
reshaped_final_data shape: torch.Size([1, 120, 503, 503])
resample time 0.0035369396209716797
padding time 0.0004124641418457031
predict time 2.916829824447632
data.shape: torch.Size([14, 120, 503, 503])
Reshaped data from [120 503 503] to [299 512 512]
reshaped_final_data shape: torch.Size([14, 299, 512, 512])
resample time 0.0055391788482666016
convert time 0.025401830673217773
revert time 0.040091753005981445
total: 4.112669229507446
permute time 3.504753112792969e-05
crop time 0.008154869079589844
normalize time 0.0028028488159179688
data.shape: torch.Size([1, 512, 512, 512])
Reshaped data from [512 512 512] to [205 503 503]
reshaped_final_data shape: torch.Size([1, 205, 503, 503])
resample time 0.00025177001953125
padding time 5.888938903808594e-05
predict time 2.6802780628204346
data.shape: torch.Size([14, 205, 503, 503])
Reshaped data from [205 503 503] to [512 512 512]
reshaped_final_data shape: torch.Size([14, 512, 512, 512])
resample time 0.004522800445556641
convert time 0.0021762847900390625
revert time 0.08666658401489258
total: 2.9266936779022217
permute time 3.4809112548828125e-05
crop time 0.00674128532409668
normalize time 0.0025475025177001953
data.shape: torch.Size([1, 406, 512, 512])
Reshaped data from [406 512 512] to [203 528 528]
reshaped_final_data shape: torch.Size([1, 203, 528, 528])
resample time 0.0002644062042236328
padding time 6.031990051269531e-05
predict time 4.77061653137207
data.shape: torch.Size([14, 203, 528, 528])
Reshaped data from [203 528 528] to [406 512 512]
reshaped_final_data shape: torch.Size([14, 406, 512, 512])
resample time 0.004488468170166016
convert time 0.002173185348510742
revert time 0.07496786117553711
total: 4.9756247997283936
permute time 3.62396240234375e-05
crop time 0.003427743911743164
normalize time 0.0025849342346191406
data.shape: torch.Size([1, 203, 512, 512])
Reshaped data from [203 512 512] to [244 477 477]
reshaped_final_data shape: torch.Size([1, 244, 477, 477])
resample time 0.0005061626434326172
padding time 5.745887756347656e-05
predict time 3.1501517295837402
data.shape: torch.Size([14, 244, 477, 477])
Reshaped data from [244 477 477] to [203 512 512]
reshaped_final_data shape: torch.Size([14, 203, 512, 512])
resample time 0.004427194595336914
convert time 7.796287536621094e-05
revert time 0.05997061729431152
total: 3.2866804599761963
permute time 2.8848648071289062e-05
crop time 0.0021076202392578125
normalize time 0.0027740001678466797
data.shape: torch.Size([1, 105, 512, 512])
Reshaped data from [105 512 512] to [105 477 477]
reshaped_final_data shape: torch.Size([1, 105, 477, 477])
resample time 0.0002455711364746094
padding time 6.127357482910156e-05
predict time 1.34732985496521
data.shape: torch.Size([14, 105, 477, 477])
Reshaped data from [105 477 477] to [105 512 512]
reshaped_final_data shape: torch.Size([14, 105, 512, 512])
resample time 0.004370927810668945
convert time 0.0020318031311035156
revert time 0.024649381637573242
total: 1.4237492084503174
permute time 3.719329833984375e-05
crop time 0.0056111812591552734
normalize time 0.002932310104370117
data.shape: torch.Size([1, 299, 512, 512])
Reshaped data from [299 512 512] to [120 503 503]
reshaped_final_data shape: torch.Size([1, 120, 503, 503])
resample time 0.00025081634521484375
padding time 5.745887756347656e-05
predict time 1.3471832275390625
data.shape: torch.Size([14, 120, 503, 503])
Reshaped data from [120 503 503] to [299 512 512]
reshaped_final_data shape: torch.Size([14, 299, 512, 512])
resample time 0.004425525665283203
convert time 0.0020771026611328125
revert time 0.06636667251586914
total: 1.5168826580047607
